\BOOKMARK [1][-]{section.1}{Part I}{}% 1
\BOOKMARK [2][-]{subsection.1.1}{Resume}{section.1}% 2
\BOOKMARK [2][-]{subsection.1.2}{Plan of Study}{section.1}% 3
\BOOKMARK [1][-]{section.2}{Part II}{}% 4
\BOOKMARK [2][-]{subsection.2.1}{Research Design and Data Analysis}{section.2}% 5
\BOOKMARK [3][-]{subsubsection.2.1.1}{Reflections}{subsection.2.1}% 6
\BOOKMARK [3][-]{subsubsection.2.1.2}{Research Design and Data Analysis Syllabus}{subsection.2.1}% 7
\BOOKMARK [3][-]{subsubsection.2.1.3}{Work Examples}{subsection.2.1}% 8
\BOOKMARK [2][-]{subsection.2.2}{Organizational Leadership}{section.2}% 9
\BOOKMARK [3][-]{subsubsection.2.2.1}{Reflections}{subsection.2.2}% 10
\BOOKMARK [3][-]{subsubsection.2.2.2}{Organizational Leadership Syllabus}{subsection.2.2}% 11
\BOOKMARK [3][-]{subsubsection.2.2.3}{Work Examples}{subsection.2.2}% 12
\BOOKMARK [2][-]{subsection.2.3}{Advanced Behavioral Statistics}{section.2}% 13
\BOOKMARK [3][-]{subsubsection.2.3.1}{Reflections}{subsection.2.3}% 14
\BOOKMARK [2][-]{subsection.2.4}{Advanced Behavioral Stats}{section.2}% 15
\BOOKMARK [2][-]{subsection.2.5}{Theories of Conflict Resolution}{section.2}% 16
\BOOKMARK [3][-]{subsubsection.2.5.1}{Reflections}{subsection.2.5}% 17
\BOOKMARK [3][-]{subsubsection.2.5.2}{Theories of Conflict Resolution Syllabus}{subsection.2.5}% 18
\BOOKMARK [3][-]{subsubsection.2.5.3}{Work Examples}{subsection.2.5}% 19
\BOOKMARK [2][-]{subsection.2.6}{Business Law}{section.2}% 20
\BOOKMARK [3][-]{subsubsection.2.6.1}{Reflections}{subsection.2.6}% 21
\BOOKMARK [2][-]{subsection.2.7}{Business law Syllabus}{section.2}% 22
\BOOKMARK [2][-]{subsection.2.8}{Organizational Behavior}{section.2}% 23
\BOOKMARK [3][-]{subsubsection.2.8.1}{Reflections}{subsection.2.8}% 24
\BOOKMARK [3][-]{subsubsection.2.8.2}{Organizational Behavior Syllabus}{subsection.2.8}% 25
\BOOKMARK [3][-]{subsubsection.2.8.3}{Work Examples}{subsection.2.8}% 26
\BOOKMARK [2][-]{subsection.2.9}{Mathematics for Management}{section.2}% 27
\BOOKMARK [3][-]{subsubsection.2.9.1}{Reflections}{subsection.2.9}% 28
\BOOKMARK [3][-]{subsubsection.2.9.2}{Mathematics for Management Syllabus}{subsection.2.9}% 29
\BOOKMARK [3][-]{subsubsection.2.9.3}{Work Examples}{subsection.2.9}% 30
\BOOKMARK [2][-]{subsection.2.10}{Public Relations}{section.2}% 31
\BOOKMARK [3][-]{subsubsection.2.10.1}{Reflections}{subsection.2.10}% 32
\BOOKMARK [3][-]{subsubsection.2.10.2}{Public Relations Syllabus}{subsection.2.10}% 33
\BOOKMARK [3][-]{subsubsection.2.10.3}{Work Examples}{subsection.2.10}% 34
\BOOKMARK [2][-]{subsection.2.11}{Human Capital Management}{section.2}% 35
\BOOKMARK [3][-]{subsubsection.2.11.1}{Reflections}{subsection.2.11}% 36
\BOOKMARK [3][-]{subsubsection.2.11.2}{Work Examples}{subsection.2.11}% 37
\BOOKMARK [2][-]{subsection.2.12}{Marketing Management}{section.2}% 38
\BOOKMARK [3][-]{subsubsection.2.12.1}{Reflections}{subsection.2.12}% 39
\BOOKMARK [2][-]{subsection.2.13}{Business Internship}{section.2}% 40
\BOOKMARK [1][-]{section.3}{Part III}{}% 41
