This is pdfTeX, Version 3.14159265-2.6-1.40.16 (TeX Live 2015/Debian) (preloaded format=pdflatex 2016.9.20)  21 SEP 2016 13:00
entering extended mode
 restricted \write18 enabled.
 %&-line parsing enabled.
**port.tex
(/home/dustin/Documents/git-repos/Grad-Work/Grad-Work/port.tex
LaTeX2e <2015/01/01>
Babel <3.9l> and hyphenation patterns for 2 languages loaded.
(/usr/share/texlive/texmf-dist/tex/latex/base/article.cls
Document Class: article 2014/09/29 v1.4h Standard LaTeX document class
(/usr/share/texlive/texmf-dist/tex/latex/base/size12.clo
File: size12.clo 2014/09/29 v1.4h Standard LaTeX file (size option)
)
\c@part=\count79
\c@section=\count80
\c@subsection=\count81
\c@subsubsection=\count82
\c@paragraph=\count83
\c@subparagraph=\count84
\c@figure=\count85
\c@table=\count86
\abovecaptionskip=\skip41
\belowcaptionskip=\skip42
\bibindent=\dimen102
)
(/usr/share/texlive/texmf-dist/tex/latex/pdfpages/pdfpages.sty
Package: pdfpages 2015/06/15 v0.4y Insert pages of external PDF documents (AM)

(/usr/share/texlive/texmf-dist/tex/latex/base/ifthen.sty
Package: ifthen 2014/09/29 v1.1c Standard LaTeX ifthen package (DPC)
)
(/usr/share/texlive/texmf-dist/tex/latex/tools/calc.sty
Package: calc 2014/10/28 v4.3 Infix arithmetic (KKT,FJ)
\calc@Acount=\count87
\calc@Bcount=\count88
\calc@Adimen=\dimen103
\calc@Bdimen=\dimen104
\calc@Askip=\skip43
\calc@Bskip=\skip44
LaTeX Info: Redefining \setlength on input line 80.
LaTeX Info: Redefining \addtolength on input line 81.
\calc@Ccount=\count89
\calc@Cskip=\skip45
)
(/usr/share/texlive/texmf-dist/tex/latex/eso-pic/eso-pic.sty
Package: eso-pic 2015/04/20 v2.0e eso-pic (RN)

(/usr/share/texlive/texmf-dist/tex/generic/oberdiek/atbegshi.sty
Package: atbegshi 2011/10/05 v1.16 At begin shipout hook (HO)

(/usr/share/texlive/texmf-dist/tex/generic/oberdiek/infwarerr.sty
Package: infwarerr 2010/04/08 v1.3 Providing info/warning/error messages (HO)
)
(/usr/share/texlive/texmf-dist/tex/generic/oberdiek/ltxcmds.sty
Package: ltxcmds 2011/11/09 v1.22 LaTeX kernel commands for general use (HO)
)
(/usr/share/texlive/texmf-dist/tex/generic/oberdiek/ifpdf.sty
Package: ifpdf 2011/01/30 v2.3 Provides the ifpdf switch (HO)
Package ifpdf Info: pdfTeX in PDF mode is detected.
))
(/usr/share/texlive/texmf-dist/tex/latex/graphics/keyval.sty
Package: keyval 2014/10/28 v1.15 key=value parser (DPC)
\KV@toks@=\toks14
)
(/usr/share/texlive/texmf-dist/tex/latex/xcolor/xcolor.sty
Package: xcolor 2007/01/21 v2.11 LaTeX color extensions (UK)

(/usr/share/texlive/texmf-dist/tex/latex/latexconfig/color.cfg
File: color.cfg 2007/01/18 v1.5 color configuration of teTeX/TeXLive
)
Package xcolor Info: Driver file: pdftex.def on input line 225.

(/usr/share/texlive/texmf-dist/tex/latex/pdftex-def/pdftex.def
File: pdftex.def 2011/05/27 v0.06d Graphics/color for pdfTeX
\Gread@gobject=\count90
)
Package xcolor Info: Model `cmy' substituted by `cmy0' on input line 1337.
Package xcolor Info: Model `hsb' substituted by `rgb' on input line 1341.
Package xcolor Info: Model `RGB' extended on input line 1353.
Package xcolor Info: Model `HTML' substituted by `rgb' on input line 1355.
Package xcolor Info: Model `Hsb' substituted by `hsb' on input line 1356.
Package xcolor Info: Model `tHsb' substituted by `hsb' on input line 1357.
Package xcolor Info: Model `HSB' substituted by `hsb' on input line 1358.
Package xcolor Info: Model `Gray' substituted by `gray' on input line 1359.
Package xcolor Info: Model `wave' substituted by `hsb' on input line 1360.
))
(/usr/share/texlive/texmf-dist/tex/latex/graphics/graphicx.sty
Package: graphicx 2014/10/28 v1.0g Enhanced LaTeX Graphics (DPC,SPQR)

(/usr/share/texlive/texmf-dist/tex/latex/graphics/graphics.sty
Package: graphics 2014/10/28 v1.0p Standard LaTeX Graphics (DPC,SPQR)

(/usr/share/texlive/texmf-dist/tex/latex/graphics/trig.sty
Package: trig 1999/03/16 v1.09 sin cos tan (DPC)
)
(/usr/share/texlive/texmf-dist/tex/latex/latexconfig/graphics.cfg
File: graphics.cfg 2010/04/23 v1.9 graphics configuration of TeX Live
)
Package graphics Info: Driver file: pdftex.def on input line 94.
)
\Gin@req@height=\dimen105
\Gin@req@width=\dimen106
)
\AM@pagewidth=\dimen107
\AM@pageheight=\dimen108

(/usr/share/texlive/texmf-dist/tex/latex/pdfpages/pppdftex.def
File: pppdftex.def 2015/06/15 v0.4y Pdfpages driver for pdfTeX (AM)
)
(/usr/share/texlive/texmf-dist/tex/latex/oberdiek/pdflscape.sty
Package: pdflscape 2008/08/11 v0.10 Display of landscape pages in PDF (HO)

(/usr/share/texlive/texmf-dist/tex/latex/graphics/lscape.sty
Package: lscape 2000/10/22 v3.01 Landscape Pages (DPC)
)
Package pdflscape Info: Auto-detected driver: pdftex on input line 80.

(/usr/share/texlive/texmf-dist/tex/generic/ifxetex/ifxetex.sty
Package: ifxetex 2010/09/12 v0.6 Provides ifxetex conditional
))
\AM@pagebox=\box26
\AM@toc@title=\toks15
\c@AM@survey=\count91
\AM@templatesizebox=\box27
)
(/usr/share/texlive/texmf-dist/tex/latex/geometry/geometry.sty
Package: geometry 2010/09/12 v5.6 Page Geometry

(/usr/share/texlive/texmf-dist/tex/generic/oberdiek/ifvtex.sty
Package: ifvtex 2010/03/01 v1.5 Detect VTeX and its facilities (HO)
Package ifvtex Info: VTeX not detected.
)
\Gm@cnth=\count92
\Gm@cntv=\count93
\c@Gm@tempcnt=\count94
\Gm@bindingoffset=\dimen109
\Gm@wd@mp=\dimen110
\Gm@odd@mp=\dimen111
\Gm@even@mp=\dimen112
\Gm@layoutwidth=\dimen113
\Gm@layoutheight=\dimen114
\Gm@layouthoffset=\dimen115
\Gm@layoutvoffset=\dimen116
\Gm@dimlist=\toks16
)
(/home/dustin/Documents/git-repos/Grad-Work/Grad-Work/port.aux)
\openout1 = `port.aux'.

LaTeX Font Info:    Checking defaults for OML/cmm/m/it on input line 9.
LaTeX Font Info:    ... okay on input line 9.
LaTeX Font Info:    Checking defaults for T1/cmr/m/n on input line 9.
LaTeX Font Info:    ... okay on input line 9.
LaTeX Font Info:    Checking defaults for OT1/cmr/m/n on input line 9.
LaTeX Font Info:    ... okay on input line 9.
LaTeX Font Info:    Checking defaults for OMS/cmsy/m/n on input line 9.
LaTeX Font Info:    ... okay on input line 9.
LaTeX Font Info:    Checking defaults for OMX/cmex/m/n on input line 9.
LaTeX Font Info:    ... okay on input line 9.
LaTeX Font Info:    Checking defaults for U/cmr/m/n on input line 9.
LaTeX Font Info:    ... okay on input line 9.
\AtBeginShipoutBox=\box28

(/usr/share/texlive/texmf-dist/tex/context/base/supp-pdf.mkii
[Loading MPS to PDF converter (version 2006.09.02).]
\scratchcounter=\count95
\scratchdimen=\dimen117
\scratchbox=\box29
\nofMPsegments=\count96
\nofMParguments=\count97
\everyMPshowfont=\toks17
\MPscratchCnt=\count98
\MPscratchDim=\dimen118
\MPnumerator=\count99
\makeMPintoPDFobject=\count100
\everyMPtoPDFconversion=\toks18
) (/usr/share/texlive/texmf-dist/tex/generic/oberdiek/pdftexcmds.sty
Package: pdftexcmds 2011/11/29 v0.20 Utility functions of pdfTeX for LuaTeX (HO
)

(/usr/share/texlive/texmf-dist/tex/generic/oberdiek/ifluatex.sty
Package: ifluatex 2010/03/01 v1.3 Provides the ifluatex switch (HO)
Package ifluatex Info: LuaTeX not detected.
)
Package pdftexcmds Info: LuaTeX not detected.
Package pdftexcmds Info: \pdf@primitive is available.
Package pdftexcmds Info: \pdf@ifprimitive is available.
Package pdftexcmds Info: \pdfdraftmode found.
)
(/usr/share/texlive/texmf-dist/tex/latex/oberdiek/epstopdf-base.sty
Package: epstopdf-base 2010/02/09 v2.5 Base part for package epstopdf

(/usr/share/texlive/texmf-dist/tex/latex/oberdiek/grfext.sty
Package: grfext 2010/08/19 v1.1 Manage graphics extensions (HO)

(/usr/share/texlive/texmf-dist/tex/generic/oberdiek/kvdefinekeys.sty
Package: kvdefinekeys 2011/04/07 v1.3 Define keys (HO)
))
(/usr/share/texlive/texmf-dist/tex/latex/oberdiek/kvoptions.sty
Package: kvoptions 2011/06/30 v3.11 Key value format for package options (HO)

(/usr/share/texlive/texmf-dist/tex/generic/oberdiek/kvsetkeys.sty
Package: kvsetkeys 2012/04/25 v1.16 Key value parser (HO)

(/usr/share/texlive/texmf-dist/tex/generic/oberdiek/etexcmds.sty
Package: etexcmds 2011/02/16 v1.5 Avoid name clashes with e-TeX commands (HO)
Package etexcmds Info: Could not find \expanded.
(etexcmds)             That can mean that you are not using pdfTeX 1.50 or
(etexcmds)             that some package has redefined \expanded.
(etexcmds)             In the latter case, load this package earlier.
)))
Package grfext Info: Graphics extension search list:
(grfext)             [.png,.pdf,.jpg,.mps,.jpeg,.jbig2,.jb2,.PNG,.PDF,.JPG,.JPE
G,.JBIG2,.JB2,.eps]
(grfext)             \AppendGraphicsExtensions on input line 452.

(/usr/share/texlive/texmf-dist/tex/latex/latexconfig/epstopdf-sys.cfg
File: epstopdf-sys.cfg 2010/07/13 v1.3 Configuration of (r)epstopdf for TeX Liv
e
))
*geometry* driver: auto-detecting
*geometry* detected driver: pdftex
*geometry* verbose mode - [ preamble ] result:
* driver: pdftex
* paper: letterpaper
* layout: <same size as paper>
* layoutoffset:(h,v)=(0.0pt,0.0pt)
* modes: 
* h-part:(L,W,R)=(72.26999pt, 469.75502pt, 72.26999pt)
* v-part:(T,H,B)=(72.26999pt, 650.43001pt, 72.26999pt)
* \paperwidth=614.295pt
* \paperheight=794.96999pt
* \textwidth=469.75502pt
* \textheight=650.43001pt
* \oddsidemargin=0.0pt
* \evensidemargin=0.0pt
* \topmargin=-37.0pt
* \headheight=12.0pt
* \headsep=25.0pt
* \topskip=12.0pt
* \footskip=30.0pt
* \marginparwidth=44.0pt
* \marginparsep=10.0pt
* \columnsep=10.0pt
* \skip\footins=10.8pt plus 4.0pt minus 2.0pt
* \hoffset=0.0pt
* \voffset=0.0pt
* \mag=1000
* \@twocolumnfalse
* \@twosidefalse
* \@mparswitchfalse
* \@reversemarginfalse
* (1in=72.27pt=25.4mm, 1cm=28.453pt)

LaTeX Font Info:    External font `cmex10' loaded for size
(Font)              <14.4> on input line 10.
LaTeX Font Info:    External font `cmex10' loaded for size
(Font)              <7> on input line 10.
[1

{/var/lib/texmf/fonts/map/pdftex/updmap/pdftex.map}]
(/home/dustin/Documents/git-repos/Grad-Work/Grad-Work/port.toc
LaTeX Font Info:    External font `cmex10' loaded for size
(Font)              <12> on input line 2.
LaTeX Font Info:    External font `cmex10' loaded for size
(Font)              <8> on input line 2.
LaTeX Font Info:    External font `cmex10' loaded for size
(Font)              <6> on input line 2.
)
\tf@toc=\write3
\openout3 = `port.toc'.


<planofstudy.pdf, id=8, 614.295pt x 794.97pt>
File: planofstudy.pdf Graphic file (type pdf)
 <use planofstudy.pdf>
Package pdftex.def Info: planofstudy.pdf used on input line 15.
(pdftex.def)             Requested size: 614.29349pt x 794.96806pt.
File: planofstudy.pdf Graphic file (type pdf)

<use planofstudy.pdf>
Package pdftex.def Info: planofstudy.pdf used on input line 15.
(pdftex.def)             Requested size: 614.29349pt x 794.96806pt.
 <planofstudy.pdf, id=11, page=1, 614.295pt x 794.97pt>
File: planofstudy.pdf Graphic file (type pdf)

<use planofstudy.pdf, page 1>
Package pdftex.def Info: planofstudy.pdf, page1 used on input line 15.
(pdftex.def)             Requested size: 614.29349pt x 794.96806pt.
File: planofstudy.pdf Graphic file (type pdf)
 <use planofstudy.pdf, page 1>
Package pdftex.def Info: planofstudy.pdf, page1 used on input line 15.
(pdftex.def)             Requested size: 614.58406pt x 795.3441pt.
File: planofstudy.pdf Graphic file (type pdf)

<use planofstudy.pdf, page 1>
Package pdftex.def Info: planofstudy.pdf, page1 used on input line 15.
(pdftex.def)             Requested size: 614.58406pt x 795.3441pt.
File: planofstudy.pdf Graphic file (type pdf)
 <use planofstudy.pdf, page 1>
Package pdftex.def Info: planofstudy.pdf, page1 used on input line 15.
(pdftex.def)             Requested size: 614.58406pt x 795.3441pt.
 [1]
File: planofstudy.pdf Graphic file (type pdf)

<use planofstudy.pdf, page 1>
Package pdftex.def Info: planofstudy.pdf, page1 used on input line 15.
(pdftex.def)             Requested size: 614.58406pt x 795.3441pt.
 [2 </home/dustin/Documents/git-repos/Grad-Work/Grad-Work/planofstudy.pdf>]
<EDCI631syllabusfall13.pdf, id=22, 614.295pt x 794.97pt>
File: EDCI631syllabusfall13.pdf Graphic file (type pdf)

<use EDCI631syllabusfall13.pdf>
Package pdftex.def Info: EDCI631syllabusfall13.pdf used on input line 26.
(pdftex.def)             Requested size: 614.29349pt x 794.96806pt.
File: EDCI631syllabusfall13.pdf Graphic file (type pdf)
 <use EDCI631syllabusfall13.pdf>
Package pdftex.def Info: EDCI631syllabusfall13.pdf used on input line 26.
(pdftex.def)             Requested size: 614.29349pt x 794.96806pt.

<EDCI631syllabusfall13.pdf, id=25, page=1, 614.295pt x 794.97pt>
File: EDCI631syllabusfall13.pdf Graphic file (type pdf)

<use EDCI631syllabusfall13.pdf, page 1>
Package pdftex.def Info: EDCI631syllabusfall13.pdf, page1 used on input line 26
.
(pdftex.def)             Requested size: 614.29349pt x 794.96806pt.
File: EDCI631syllabusfall13.pdf Graphic file (type pdf)

<use EDCI631syllabusfall13.pdf, page 1>
Package pdftex.def Info: EDCI631syllabusfall13.pdf, page1 used on input line 26
.
(pdftex.def)             Requested size: 614.58406pt x 795.3441pt.
File: EDCI631syllabusfall13.pdf Graphic file (type pdf)

<use EDCI631syllabusfall13.pdf, page 1>
Package pdftex.def Info: EDCI631syllabusfall13.pdf, page1 used on input line 26
.
(pdftex.def)             Requested size: 614.58406pt x 795.3441pt.
File: EDCI631syllabusfall13.pdf Graphic file (type pdf)

<use EDCI631syllabusfall13.pdf, page 1>
Package pdftex.def Info: EDCI631syllabusfall13.pdf, page1 used on input line 26
.
(pdftex.def)             Requested size: 614.58406pt x 795.3441pt.
 [3]
File: EDCI631syllabusfall13.pdf Graphic file (type pdf)

<use EDCI631syllabusfall13.pdf, page 1>
Package pdftex.def Info: EDCI631syllabusfall13.pdf, page1 used on input line 26
.
(pdftex.def)             Requested size: 614.58406pt x 795.3441pt.
 [4 </home/dustin/Documents/git-repos/Grad-Work/Grad-Work/EDCI631syllabusfall13
.pdf>]
File: EDCI631syllabusfall13.pdf Graphic file (type pdf)
 <use EDCI631syllabusfall13.pdf>
Package pdftex.def Info: EDCI631syllabusfall13.pdf used on input line 27.
(pdftex.def)             Requested size: 614.29349pt x 794.96806pt.
File: EDCI631syllabusfall13.pdf Graphic file (type pdf)

<use EDCI631syllabusfall13.pdf>
Package pdftex.def Info: EDCI631syllabusfall13.pdf used on input line 27.
(pdftex.def)             Requested size: 614.29349pt x 794.96806pt.

<EDCI631syllabusfall13.pdf, id=72, page=2, 614.295pt x 794.97pt>
File: EDCI631syllabusfall13.pdf Graphic file (type pdf)

<use EDCI631syllabusfall13.pdf, page 2>
Package pdftex.def Info: EDCI631syllabusfall13.pdf, page2 used on input line 27
.
(pdftex.def)             Requested size: 614.29349pt x 794.96806pt.
File: EDCI631syllabusfall13.pdf Graphic file (type pdf)

<use EDCI631syllabusfall13.pdf, page 2>
Package pdftex.def Info: EDCI631syllabusfall13.pdf, page2 used on input line 27
.
(pdftex.def)             Requested size: 614.58406pt x 795.3441pt.
File: EDCI631syllabusfall13.pdf Graphic file (type pdf)

<use EDCI631syllabusfall13.pdf, page 2>
Package pdftex.def Info: EDCI631syllabusfall13.pdf, page2 used on input line 27
.
(pdftex.def)             Requested size: 614.58406pt x 795.3441pt.
File: EDCI631syllabusfall13.pdf Graphic file (type pdf)

<use EDCI631syllabusfall13.pdf, page 2>
Package pdftex.def Info: EDCI631syllabusfall13.pdf, page2 used on input line 27
.
(pdftex.def)             Requested size: 614.58406pt x 795.3441pt.

<EDCI631syllabusfall13.pdf, id=73, page=3, 614.295pt x 794.97pt>
File: EDCI631syllabusfall13.pdf Graphic file (type pdf)

<use EDCI631syllabusfall13.pdf, page 3>
Package pdftex.def Info: EDCI631syllabusfall13.pdf, page3 used on input line 27
.
(pdftex.def)             Requested size: 614.58406pt x 795.3441pt.
File: EDCI631syllabusfall13.pdf Graphic file (type pdf)

<use EDCI631syllabusfall13.pdf, page 3>
Package pdftex.def Info: EDCI631syllabusfall13.pdf, page3 used on input line 27
.
(pdftex.def)             Requested size: 614.58406pt x 795.3441pt.
File: EDCI631syllabusfall13.pdf Graphic file (type pdf)

<use EDCI631syllabusfall13.pdf, page 2>
Package pdftex.def Info: EDCI631syllabusfall13.pdf, page2 used on input line 27
.
(pdftex.def)             Requested size: 614.58406pt x 795.3441pt.
 [5 </home/dustin/Documents/git-repos/Grad-Work/Grad-Work/EDCI631syllabusfall13
.pdf>]
<EDCI631syllabusfall13.pdf, id=78, page=4, 614.295pt x 794.97pt>
File: EDCI631syllabusfall13.pdf Graphic file (type pdf)

<use EDCI631syllabusfall13.pdf, page 4>
Package pdftex.def Info: EDCI631syllabusfall13.pdf, page4 used on input line 27
.
(pdftex.def)             Requested size: 614.58406pt x 795.3441pt.
File: EDCI631syllabusfall13.pdf Graphic file (type pdf)

<use EDCI631syllabusfall13.pdf, page 4>
Package pdftex.def Info: EDCI631syllabusfall13.pdf, page4 used on input line 27
.
(pdftex.def)             Requested size: 614.58406pt x 795.3441pt.
File: EDCI631syllabusfall13.pdf Graphic file (type pdf)

<use EDCI631syllabusfall13.pdf, page 3>
Package pdftex.def Info: EDCI631syllabusfall13.pdf, page3 used on input line 27
.
(pdftex.def)             Requested size: 614.58406pt x 795.3441pt.
 [6 </home/dustin/Documents/git-repos/Grad-Work/Grad-Work/EDCI631syllabusfall13
.pdf>]
<EDCI631syllabusfall13.pdf, id=84, page=5, 614.295pt x 794.97pt>
File: EDCI631syllabusfall13.pdf Graphic file (type pdf)

<use EDCI631syllabusfall13.pdf, page 5>
Package pdftex.def Info: EDCI631syllabusfall13.pdf, page5 used on input line 27
.
(pdftex.def)             Requested size: 614.58406pt x 795.3441pt.
File: EDCI631syllabusfall13.pdf Graphic file (type pdf)

<use EDCI631syllabusfall13.pdf, page 5>
Package pdftex.def Info: EDCI631syllabusfall13.pdf, page5 used on input line 27
.
(pdftex.def)             Requested size: 614.58406pt x 795.3441pt.
File: EDCI631syllabusfall13.pdf Graphic file (type pdf)

<use EDCI631syllabusfall13.pdf, page 4>
Package pdftex.def Info: EDCI631syllabusfall13.pdf, page4 used on input line 27
.
(pdftex.def)             Requested size: 614.58406pt x 795.3441pt.
 [7 </home/dustin/Documents/git-repos/Grad-Work/Grad-Work/EDCI631syllabusfall13
.pdf>]
<EDCI631syllabusfall13.pdf, id=89, page=6, 614.295pt x 794.97pt>
File: EDCI631syllabusfall13.pdf Graphic file (type pdf)

<use EDCI631syllabusfall13.pdf, page 6>
Package pdftex.def Info: EDCI631syllabusfall13.pdf, page6 used on input line 27
.
(pdftex.def)             Requested size: 614.58406pt x 795.3441pt.
File: EDCI631syllabusfall13.pdf Graphic file (type pdf)

<use EDCI631syllabusfall13.pdf, page 6>
Package pdftex.def Info: EDCI631syllabusfall13.pdf, page6 used on input line 27
.
(pdftex.def)             Requested size: 614.58406pt x 795.3441pt.
File: EDCI631syllabusfall13.pdf Graphic file (type pdf)

<use EDCI631syllabusfall13.pdf, page 5>
Package pdftex.def Info: EDCI631syllabusfall13.pdf, page5 used on input line 27
.
(pdftex.def)             Requested size: 614.58406pt x 795.3441pt.
 [8 </home/dustin/Documents/git-repos/Grad-Work/Grad-Work/EDCI631syllabusfall13
.pdf>]
<EDCI631syllabusfall13.pdf, id=94, page=7, 614.295pt x 794.97pt>
File: EDCI631syllabusfall13.pdf Graphic file (type pdf)

<use EDCI631syllabusfall13.pdf, page 7>
Package pdftex.def Info: EDCI631syllabusfall13.pdf, page7 used on input line 27
.
(pdftex.def)             Requested size: 614.58406pt x 795.3441pt.
File: EDCI631syllabusfall13.pdf Graphic file (type pdf)

<use EDCI631syllabusfall13.pdf, page 7>
Package pdftex.def Info: EDCI631syllabusfall13.pdf, page7 used on input line 27
.
(pdftex.def)             Requested size: 614.58406pt x 795.3441pt.
File: EDCI631syllabusfall13.pdf Graphic file (type pdf)

<use EDCI631syllabusfall13.pdf, page 6>
Package pdftex.def Info: EDCI631syllabusfall13.pdf, page6 used on input line 27
.
(pdftex.def)             Requested size: 614.58406pt x 795.3441pt.
 [9 </home/dustin/Documents/git-repos/Grad-Work/Grad-Work/EDCI631syllabusfall13
.pdf>]
<EDCI631syllabusfall13.pdf, id=99, page=8, 614.295pt x 794.97pt>
File: EDCI631syllabusfall13.pdf Graphic file (type pdf)

<use EDCI631syllabusfall13.pdf, page 8>
Package pdftex.def Info: EDCI631syllabusfall13.pdf, page8 used on input line 27
.
(pdftex.def)             Requested size: 614.58406pt x 795.3441pt.
File: EDCI631syllabusfall13.pdf Graphic file (type pdf)

<use EDCI631syllabusfall13.pdf, page 8>
Package pdftex.def Info: EDCI631syllabusfall13.pdf, page8 used on input line 27
.
(pdftex.def)             Requested size: 614.58406pt x 795.3441pt.
File: EDCI631syllabusfall13.pdf Graphic file (type pdf)

<use EDCI631syllabusfall13.pdf, page 7>
Package pdftex.def Info: EDCI631syllabusfall13.pdf, page7 used on input line 27
.
(pdftex.def)             Requested size: 614.58406pt x 795.3441pt.
 [10 </home/dustin/Documents/git-repos/Grad-Work/Grad-Work/EDCI631syllabusfall1
3.pdf>]
File: EDCI631syllabusfall13.pdf Graphic file (type pdf)

<use EDCI631syllabusfall13.pdf, page 8>
Package pdftex.def Info: EDCI631syllabusfall13.pdf, page8 used on input line 27
.
(pdftex.def)             Requested size: 614.58406pt x 795.3441pt.
 [11 </home/dustin/Documents/git-repos/Grad-Work/Grad-Work/EDCI631syllabusfall1
3.pdf>]
<CTE632SylbsOnLine139.pdf, id=108, 614.295pt x 794.97pt>
File: CTE632SylbsOnLine139.pdf Graphic file (type pdf)

<use CTE632SylbsOnLine139.pdf>
Package pdftex.def Info: CTE632SylbsOnLine139.pdf used on input line 31.
(pdftex.def)             Requested size: 614.29349pt x 794.96806pt.
File: CTE632SylbsOnLine139.pdf Graphic file (type pdf)
 <use CTE632SylbsOnLine139.pdf>
Package pdftex.def Info: CTE632SylbsOnLine139.pdf used on input line 31.
(pdftex.def)             Requested size: 614.29349pt x 794.96806pt.

<CTE632SylbsOnLine139.pdf, id=111, page=1, 614.295pt x 794.97pt>
File: CTE632SylbsOnLine139.pdf Graphic file (type pdf)

<use CTE632SylbsOnLine139.pdf, page 1>
Package pdftex.def Info: CTE632SylbsOnLine139.pdf, page1 used on input line 31.

(pdftex.def)             Requested size: 614.29349pt x 794.96806pt.
File: CTE632SylbsOnLine139.pdf Graphic file (type pdf)
 <use CTE632SylbsOnLine139.pdf, page 1>
Package pdftex.def Info: CTE632SylbsOnLine139.pdf, page1 used on input line 31.

(pdftex.def)             Requested size: 614.58406pt x 795.3441pt.
File: CTE632SylbsOnLine139.pdf Graphic file (type pdf)

<use CTE632SylbsOnLine139.pdf, page 1>
Package pdftex.def Info: CTE632SylbsOnLine139.pdf, page1 used on input line 31.

(pdftex.def)             Requested size: 614.58406pt x 795.3441pt.
File: CTE632SylbsOnLine139.pdf Graphic file (type pdf)
 <use CTE632SylbsOnLine139.pdf, page 1>
Package pdftex.def Info: CTE632SylbsOnLine139.pdf, page1 used on input line 31.

(pdftex.def)             Requested size: 614.58406pt x 795.3441pt.

[12]
File: CTE632SylbsOnLine139.pdf Graphic file (type pdf)
 <use CTE632SylbsOnLine139.pdf, page 1>
Package pdftex.def Info: CTE632SylbsOnLine139.pdf, page1 used on input line 31.

(pdftex.def)             Requested size: 614.58406pt x 795.3441pt.
 [13 </home/dustin/Documents/git-repos/Grad-Work/Grad-Work/CTE632SylbsOnLine139
.pdf>]
(/home/dustin/Documents/git-repos/Grad-Work/Grad-Work/port.bbl) [14]
(/home/dustin/Documents/git-repos/Grad-Work/Grad-Work/port.aux) ) 
Here is how much of TeX's memory you used:
 3291 strings out of 495000
 48620 string characters out of 6181169
 115566 words of memory out of 5000000
 6480 multiletter control sequences out of 15000+600000
 8808 words of font info for 31 fonts, out of 8000000 for 9000
 14 hyphenation exceptions out of 8191
 40i,18n,46p,267b,422s stack positions out of 5000i,500n,10000p,200000b,80000s
</usr/share/te
xlive/texmf-dist/fonts/type1/public/amsfonts/cm/cmbx12.pfb></usr/share/texlive/
texmf-dist/fonts/type1/public/amsfonts/cm/cmmi12.pfb></usr/share/texlive/texmf-
dist/fonts/type1/public/amsfonts/cm/cmr12.pfb></usr/share/texlive/texmf-dist/fo
nts/type1/public/amsfonts/cm/cmr17.pfb></usr/share/texlive/texmf-dist/fonts/typ
e1/public/amsfonts/cm/cmr8.pfb></usr/share/texmf/fonts/type1/public/tex-gyre/qt
mb.pfb></usr/share/texlive/texmf-dist/fonts/type1/urw/symbol/usyr.pfb>
Output written on /home/dustin/Documents/git-repos/Grad-Work/Grad-Work/port.pdf
 (15 pages, 582276 bytes).
PDF statistics:
 166 PDF objects out of 1000 (max. 8388607)
 98 compressed objects within 1 object stream
 0 named destinations out of 1000 (max. 500000)
 106 words of extra memory for PDF output out of 10000 (max. 10000000)

